<?xml version="1.0" encoding="UTF-8"?>
<testsuite name="calculator.CTest" tests="1" skipped="0" failures="0" errors="0" timestamp="2022-10-23T04:12:14" hostname="choesang-won-ui-MacBookAir.local" time="0.075">
  <properties/>
  <testcase name="null_or_space()" classname="calculator.CTest" time="0.075"/>
  <system-out><![CDATA[]]></system-out>
  <system-err><![CDATA[]]></system-err>
</testsuite>
